[0.108s] DEBUG:colcon:Command line arguments: ['/usr/bin/colcon', 'list', '-p', '--base-paths', '/home/oumuika/Documents/mirs2403/src/ros2_aruco']
[0.108s] DEBUG:colcon:Parsed command line arguments: Namespace(log_base=None, log_level=None, verb_name='list', build_base='build', ignore_user_meta=False, metas=['./colcon.meta'], base_paths=['/home/oumuika/Documents/mirs2403/src/ros2_aruco'], packages_ignore=None, packages_ignore_regex=None, paths=None, packages_up_to=None, packages_up_to_regex=None, packages_above=None, packages_above_and_dependencies=None, packages_above_depth=None, packages_select_by_dep=None, packages_skip_by_dep=None, packages_skip_up_to=None, packages_select_build_failed=False, packages_skip_build_finished=False, packages_select_test_failures=False, packages_skip_test_passed=False, packages_select=None, packages_skip=None, packages_select_regex=None, packages_skip_regex=None, packages_start=None, packages_end=None, allow_overriding=[], topological_order=False, names_only=False, paths_only=True, topological_graph=False, topological_graph_dot=False, topological_graph_density=False, topological_graph_legend=False, topological_graph_dot_cluster=False, topological_graph_dot_include_skipped=False, verb_parser=<colcon_defaults.argument_parser.defaults.DefaultArgumentsDecorator object at 0x75dd5283b400>, verb_extension=<colcon_package_information.verb.list.ListVerb object at 0x75dd5291f6d0>, main=<bound method ListVerb.main of <colcon_package_information.verb.list.ListVerb object at 0x75dd5291f6d0>>)
[0.320s] Level 1:colcon.colcon_core.package_discovery:discover_packages(colcon_meta) check parameters
[0.320s] Level 1:colcon.colcon_core.package_discovery:discover_packages(recursive) check parameters
[0.320s] Level 1:colcon.colcon_core.package_discovery:discover_packages(ignore) check parameters
[0.320s] Level 1:colcon.colcon_core.package_discovery:discover_packages(path) check parameters
[0.320s] Level 1:colcon.colcon_core.package_discovery:discover_packages(recursive) discover
[0.320s] INFO:colcon.colcon_core.package_discovery:Crawling recursively for packages in '/home/oumuika/Documents/mirs2403/src/ros2_aruco'
[0.320s] Level 1:colcon.colcon_core.package_identification:_identify(/home/oumuika/Documents/mirs2403/src/ros2_aruco) by extensions ['ignore', 'ignore_ament_install']
[0.320s] Level 1:colcon.colcon_core.package_identification:_identify(/home/oumuika/Documents/mirs2403/src/ros2_aruco) by extension 'ignore'
[0.320s] Level 1:colcon.colcon_core.package_identification:_identify(/home/oumuika/Documents/mirs2403/src/ros2_aruco) by extension 'ignore_ament_install'
[0.320s] Level 1:colcon.colcon_core.package_identification:_identify(/home/oumuika/Documents/mirs2403/src/ros2_aruco) by extensions ['colcon_pkg']
[0.320s] Level 1:colcon.colcon_core.package_identification:_identify(/home/oumuika/Documents/mirs2403/src/ros2_aruco) by extension 'colcon_pkg'
[0.321s] Level 1:colcon.colcon_core.package_identification:_identify(/home/oumuika/Documents/mirs2403/src/ros2_aruco) by extensions ['colcon_meta']
[0.321s] Level 1:colcon.colcon_core.package_identification:_identify(/home/oumuika/Documents/mirs2403/src/ros2_aruco) by extension 'colcon_meta'
[0.321s] Level 1:colcon.colcon_core.package_identification:_identify(/home/oumuika/Documents/mirs2403/src/ros2_aruco) by extensions ['ros']
[0.321s] Level 1:colcon.colcon_core.package_identification:_identify(/home/oumuika/Documents/mirs2403/src/ros2_aruco) by extension 'ros'
[0.335s] Level 1:colcon.colcon_core.package_identification:_identify(/home/oumuika/Documents/mirs2403/src/ros2_aruco) by extensions ['cmake', 'python']
[0.336s] Level 1:colcon.colcon_core.package_identification:_identify(/home/oumuika/Documents/mirs2403/src/ros2_aruco) by extension 'cmake'
[0.336s] Level 1:colcon.colcon_core.package_identification:_identify(/home/oumuika/Documents/mirs2403/src/ros2_aruco) by extension 'python'
[0.336s] Level 1:colcon.colcon_core.package_identification:_identify(/home/oumuika/Documents/mirs2403/src/ros2_aruco) by extensions ['python_setup_py']
[0.336s] Level 1:colcon.colcon_core.package_identification:_identify(/home/oumuika/Documents/mirs2403/src/ros2_aruco) by extension 'python_setup_py'
[0.336s] Level 1:colcon.colcon_core.package_identification:_identify(/home/oumuika/Documents/mirs2403/src/ros2_aruco/camera_info) by extensions ['ignore', 'ignore_ament_install']
[0.336s] Level 1:colcon.colcon_core.package_identification:_identify(/home/oumuika/Documents/mirs2403/src/ros2_aruco/camera_info) by extension 'ignore'
[0.336s] Level 1:colcon.colcon_core.package_identification:_identify(/home/oumuika/Documents/mirs2403/src/ros2_aruco/camera_info) by extension 'ignore_ament_install'
[0.336s] Level 1:colcon.colcon_core.package_identification:_identify(/home/oumuika/Documents/mirs2403/src/ros2_aruco/camera_info) by extensions ['colcon_pkg']
[0.336s] Level 1:colcon.colcon_core.package_identification:_identify(/home/oumuika/Documents/mirs2403/src/ros2_aruco/camera_info) by extension 'colcon_pkg'
[0.336s] Level 1:colcon.colcon_core.package_identification:_identify(/home/oumuika/Documents/mirs2403/src/ros2_aruco/camera_info) by extensions ['colcon_meta']
[0.336s] Level 1:colcon.colcon_core.package_identification:_identify(/home/oumuika/Documents/mirs2403/src/ros2_aruco/camera_info) by extension 'colcon_meta'
[0.336s] Level 1:colcon.colcon_core.package_identification:_identify(/home/oumuika/Documents/mirs2403/src/ros2_aruco/camera_info) by extensions ['ros']
[0.336s] Level 1:colcon.colcon_core.package_identification:_identify(/home/oumuika/Documents/mirs2403/src/ros2_aruco/camera_info) by extension 'ros'
[0.336s] Level 1:colcon.colcon_core.package_identification:_identify(/home/oumuika/Documents/mirs2403/src/ros2_aruco/camera_info) by extensions ['cmake', 'python']
[0.336s] Level 1:colcon.colcon_core.package_identification:_identify(/home/oumuika/Documents/mirs2403/src/ros2_aruco/camera_info) by extension 'cmake'
[0.336s] Level 1:colcon.colcon_core.package_identification:_identify(/home/oumuika/Documents/mirs2403/src/ros2_aruco/camera_info) by extension 'python'
[0.336s] Level 1:colcon.colcon_core.package_identification:_identify(/home/oumuika/Documents/mirs2403/src/ros2_aruco/camera_info) by extensions ['python_setup_py']
[0.336s] Level 1:colcon.colcon_core.package_identification:_identify(/home/oumuika/Documents/mirs2403/src/ros2_aruco/camera_info) by extension 'python_setup_py'
[0.337s] Level 1:colcon.colcon_core.package_identification:_identify(/home/oumuika/Documents/mirs2403/src/ros2_aruco/log) by extensions ['ignore', 'ignore_ament_install']
[0.337s] Level 1:colcon.colcon_core.package_identification:_identify(/home/oumuika/Documents/mirs2403/src/ros2_aruco/log) by extension 'ignore'
[0.337s] Level 1:colcon.colcon_core.package_identification:_identify(/home/oumuika/Documents/mirs2403/src/ros2_aruco/log) ignored
[0.337s] Level 1:colcon.colcon_core.package_identification:_identify(/home/oumuika/Documents/mirs2403/src/ros2_aruco/ros2_aruco) by extensions ['ignore', 'ignore_ament_install']
[0.337s] Level 1:colcon.colcon_core.package_identification:_identify(/home/oumuika/Documents/mirs2403/src/ros2_aruco/ros2_aruco) by extension 'ignore'
[0.337s] Level 1:colcon.colcon_core.package_identification:_identify(/home/oumuika/Documents/mirs2403/src/ros2_aruco/ros2_aruco) by extension 'ignore_ament_install'
[0.337s] Level 1:colcon.colcon_core.package_identification:_identify(/home/oumuika/Documents/mirs2403/src/ros2_aruco/ros2_aruco) by extensions ['colcon_pkg']
[0.337s] Level 1:colcon.colcon_core.package_identification:_identify(/home/oumuika/Documents/mirs2403/src/ros2_aruco/ros2_aruco) by extension 'colcon_pkg'
[0.337s] Level 1:colcon.colcon_core.package_identification:_identify(/home/oumuika/Documents/mirs2403/src/ros2_aruco/ros2_aruco) by extensions ['colcon_meta']
[0.337s] Level 1:colcon.colcon_core.package_identification:_identify(/home/oumuika/Documents/mirs2403/src/ros2_aruco/ros2_aruco) by extension 'colcon_meta'
[0.337s] Level 1:colcon.colcon_core.package_identification:_identify(/home/oumuika/Documents/mirs2403/src/ros2_aruco/ros2_aruco) by extensions ['ros']
[0.337s] Level 1:colcon.colcon_core.package_identification:_identify(/home/oumuika/Documents/mirs2403/src/ros2_aruco/ros2_aruco) by extension 'ros'
[0.341s] DEBUG:colcon.colcon_core.package_identification:Package '/home/oumuika/Documents/mirs2403/src/ros2_aruco/ros2_aruco' with type 'ros.ament_python' and name 'ros2_aruco'
[0.341s] Level 1:colcon.colcon_core.package_identification:_identify(/home/oumuika/Documents/mirs2403/src/ros2_aruco/ros2_aruco_interfaces) by extensions ['ignore', 'ignore_ament_install']
[0.341s] Level 1:colcon.colcon_core.package_identification:_identify(/home/oumuika/Documents/mirs2403/src/ros2_aruco/ros2_aruco_interfaces) by extension 'ignore'
[0.341s] Level 1:colcon.colcon_core.package_identification:_identify(/home/oumuika/Documents/mirs2403/src/ros2_aruco/ros2_aruco_interfaces) by extension 'ignore_ament_install'
[0.341s] Level 1:colcon.colcon_core.package_identification:_identify(/home/oumuika/Documents/mirs2403/src/ros2_aruco/ros2_aruco_interfaces) by extensions ['colcon_pkg']
[0.341s] Level 1:colcon.colcon_core.package_identification:_identify(/home/oumuika/Documents/mirs2403/src/ros2_aruco/ros2_aruco_interfaces) by extension 'colcon_pkg'
[0.341s] Level 1:colcon.colcon_core.package_identification:_identify(/home/oumuika/Documents/mirs2403/src/ros2_aruco/ros2_aruco_interfaces) by extensions ['colcon_meta']
[0.341s] Level 1:colcon.colcon_core.package_identification:_identify(/home/oumuika/Documents/mirs2403/src/ros2_aruco/ros2_aruco_interfaces) by extension 'colcon_meta'
[0.341s] Level 1:colcon.colcon_core.package_identification:_identify(/home/oumuika/Documents/mirs2403/src/ros2_aruco/ros2_aruco_interfaces) by extensions ['ros']
[0.341s] Level 1:colcon.colcon_core.package_identification:_identify(/home/oumuika/Documents/mirs2403/src/ros2_aruco/ros2_aruco_interfaces) by extension 'ros'
[0.342s] DEBUG:colcon.colcon_core.package_identification:Package '/home/oumuika/Documents/mirs2403/src/ros2_aruco/ros2_aruco_interfaces' with type 'ros.ament_cmake' and name 'ros2_aruco_interfaces'
[0.342s] Level 1:colcon.colcon_core.package_discovery:discover_packages(recursive) using defaults
